#"Progress (%)"	"Step"	"Time (ps)"	"Potential Energy (kJ/mole)"	"Kinetic Energy (kJ/mole)"	"Total Energy (kJ/mole)"	"Temperature (K)"	"Speed (ns/day)"	"Time Remaining"
0.1%	1000	9.999999999999831	56.181975120928655	871.4010203128887	927.5829954338174	249.53679261825116	0	--
0.1%	2000	20.000000000000327	94.15904671841145	1061.2123233320729	1155.3713700504843	303.8916793512173	1.44e+04	1:59
0.1%	3000	30.00000000000189	172.06717718579876	1185.8403612678237	1357.9075384536225	339.5805070342814	1.46e+04	1:58
0.2%	4000	40.00000000000061	143.2991888928127	1386.6701488647188	1529.9693377575315	397.0906773128744	1.47e+04	1:57
0.2%	5000	49.99999999999862	165.46986237341503	1453.5676096454317	1619.0374720188468	416.2476181568619	1.58e+04	1:49
0.3%	6000	59.99999999999663	233.67389160111588	1497.7943445190392	1731.468236120155	428.9125075832881	1.65e+04	1:44
0.3%	7000	69.9999999999989	271.5392684162507	1470.2971725756452	1741.8364409918959	421.0383418055577	1.7e+04	1:41
0.4%	8000	80.00000000000402	251.47121331059316	1499.8576094147927	1751.3288227253859	429.5033497930245	1.73e+04	1:39
0.5%	9000	90.00000000000914	189.66582152925548	1635.773419813561	1825.4392413428166	468.42457504112093	1.76e+04	1:37
0.5%	10000	100.00000000001425	219.80219880186996	1711.6724738963348	1931.4746726982048	490.1592368983839	1.77e+04	1:37
0.6%	11000	110.00000000001937	305.68793077579176	1719.2338635695903	2024.921794345382	492.32453723980814	1.79e+04	1:35
0.6%	12000	120.00000000002449	337.0297506292263	1649.5801859122764	1986.6099365415027	472.37831855116036	1.81e+04	1:34
0.7%	13000	130.00000000002674	383.68457771382236	1578.1764980387156	1961.861075752538	451.930962124282	1.83e+04	1:34
0.7%	14000	140.00000000001765	374.92182821493043	1737.5462738644499	2112.4681020793805	497.5685294128353	1.84e+04	1:33
0.8%	15000	150.00000000000855	440.14807417192856	1705.0121782078545	2145.160252379783	488.25197630853995	1.85e+04	1:32
0.8%	16000	159.99999999999946	422.8212541302346	1664.750137276208	2087.5713914064427	476.72242754264533	1.86e+04	1:32
0.8%	17000	169.99999999999037	404.0915138393374	1747.4994733346718	2151.590987174009	500.4187549854391	1.87e+04	1:31
0.9%	18000	179.99999999998127	527.4291052357148	1675.3893507644686	2202.8184560001837	479.769101976063	1.88e+04	1:31
0.9%	19000	189.99999999997218	474.22804701041514	1768.4515069075223	2242.6795539179375	506.41863693958436	1.88e+04	1:30
1.0%	20000	199.99999999996308	460.77230158014345	1701.4418254178456	2162.2141269979893	487.2295602647596	1.88e+04	1:30
1.1%	21000	209.99999999995399	461.2099485841027	1750.8567654766473	2212.06671406075	501.3801583961102	1.89e+04	1:30
1.1%	22000	219.9999999999449	406.20342818056656	1820.2747612948522	2226.4781894754187	521.2588865851616	1.89e+04	1:30
1.1%	23000	229.9999999999358	435.41446365990123	1818.848829464201	2254.2632931241023	520.8505528246787	1.9e+04	1:29
1.2%	24000	239.9999999999267	522.8998074042029	1708.246410534296	2231.146217938499	489.17813997200767	1.9e+04	1:29
1.2%	25000	249.9999999999176	455.13655667471176	1742.1069129998307	2197.243469674542	498.8745265778645	1.91e+04	1:29
1.3%	26000	259.99999999990854	371.3988665874878	1709.929704301766	2081.3285708892536	489.6601726044894	1.91e+04	1:29
1.4%	27000	269.99999999989944	438.5838488152911	1674.867626088218	2113.4514749035093	479.619699462976	1.91e+04	1:29
1.4%	28000	279.99999999989035	384.13546373157806	1709.482636854097	2093.618100585675	489.53214914069406	1.92e+04	1:28
1.4%	29000	289.99999999988125	381.46322680034064	1666.9838142750918	2048.4470410754325	477.3620694308847	1.92e+04	1:28
1.5%	30000	299.99999999987216	402.3268315805326	1641.944332230617	2044.2711638111496	470.1916944915059	1.92e+04	1:28
1.6%	31000	309.99999999986306	344.9332867258636	1653.8593006267663	1998.7925873526299	473.60369760880246	1.92e+04	1:28
1.6%	32000	319.99999999985397	394.0593078637612	1631.0599285571723	2025.1192364209335	467.07480672236096	1.93e+04	1:28
1.6%	33000	329.9999999998449	361.2718215020868	1687.9448327915552	2049.216654293642	483.3645243381923	1.93e+04	1:28
1.7%	34000	339.9999999998358	378.5650187661722	1723.3444736809886	2101.909492447161	493.5016628559041	1.93e+04	1:27
1.8%	35000	349.9999999998267	420.61111864188206	1667.235914968441	2087.847033610323	477.43426167873463	1.93e+04	1:27
1.8%	36000	359.9999999998176	479.51806479533843	1571.987122772729	2051.5051875680674	450.15855560170246	1.93e+04	1:27
1.9%	37000	369.9999999998085	469.6699374232703	1663.4404591714945	2133.110396594765	476.3473845188315	1.93e+04	1:27
1.9%	38000	379.9999999997994	444.9015609911585	1711.1280872774942	2156.0296482686526	490.0033448490941	1.93e+04	1:27
1.9%	39000	389.9999999997903	369.80912426044233	1727.836328947435	2097.6454532078774	494.7879628830627	1.93e+04	1:27
2.0%	40000	399.9999999997812	464.03392215870554	1660.821979001527	2124.855901160233	475.5975493362728	1.94e+04	1:27
2.0%	41000	409.9999999997721	520.4109741043503	1711.7141650978454	2232.125139202196	490.17117570550346	1.94e+04	1:27
2.1%	42000	419.999999999763	391.8030924306771	1897.64273502395	2289.4458274546273	543.4141923120244	1.94e+04	1:27
2.1%	43000	429.9999999997539	440.3038118276818	1845.0130285550038	2285.3168403826858	528.3430048305302	1.94e+04	1:27
2.2%	44000	439.99999999974483	499.90999320944184	1811.0648375265528	2310.9748307359946	518.6215074866442	1.94e+04	1:26
2.2%	45000	449.99999999973573	382.59146266183234	1857.2381746666028	2239.829637328435	531.843831291443	1.95e+04	1:26
2.3%	46000	459.99999999972664	409.91064562951215	1819.4073002966172	2229.317945926129	521.0104780681011	1.95e+04	1:26
2.4%	47000	469.99999999971755	427.7823872587178	1804.976258180229	2232.7586454389466	516.8779651608183	1.95e+04	1:26
2.4%	48000	479.99999999970845	476.9774652842261	1787.6724121244304	2264.6498774086567	511.9227882169428	1.95e+04	1:26
2.5%	49000	489.99999999969936	512.6017205700336	1740.108793199192	2252.7105137692256	498.3023394967209	1.95e+04	1:26
2.5%	50000	499.99999999969026	471.50460138278413	1833.378643263423	2304.8832446462075	525.0113502626899	1.95e+04	1:26
2.5%	51000	509.99999999968117	565.6219532749092	1726.9640934997728	2292.586046774682	494.53818714153385	1.96e+04	1:26
2.6%	52000	519.9999999996721	502.21618203181424	1805.4983754110956	2307.7145574429096	517.0274800869247	1.96e+04	1:25
2.6%	53000	529.999999999663	484.23395783704257	1788.1756427159564	2272.409600552999	512.0668947130675	1.96e+04	1:25
2.7%	54000	539.9999999996539	462.5473303294709	1858.2012787501403	2320.748609079611	532.1196284254391	1.96e+04	1:25
2.8%	55000	549.9999999996448	474.79380682251576	1843.2771048576271	2318.0709116801427	527.8459009465827	1.96e+04	1:25
2.8%	56000	559.9999999996357	434.6333483149356	1844.41164456379	2279.0449928787257	528.1707908569391	1.96e+04	1:25
2.9%	57000	569.9999999996267	451.3801202465711	1789.9732831144447	2241.353403361016	512.5816719612726	1.96e+04	1:25
2.9%	58000	579.9999999996176	515.7395652115532	1701.455685304523	2217.195250516076	487.23352922002465	1.97e+04	1:25
3.0%	59000	589.9999999996085	428.72618458016564	1763.4112273946782	2192.137411974844	504.9752886370049	1.97e+04	1:25
3.0%	60000	599.9999999995994	506.96456015703734	1721.9322724690237	2228.896832626061	493.0972610331488	1.97e+04	1:25
3.0%	61000	609.9999999995903	536.519569639397	1768.4246738622592	2304.9442435016563	506.4109529549492	1.97e+04	1:25
3.1%	62000	619.9999999995812	513.3048277422808	1810.8575853587902	2324.1624131010713	518.5621581859191	1.97e+04	1:24
3.1%	63000	629.9999999995721	541.9689820204511	1758.4576262415126	2300.426608261964	503.55676178787735	1.97e+04	1:24
3.2%	64000	639.999999999563	488.6567899037036	1862.0615439655821	2350.7183338692857	533.2250645886551	1.97e+04	1:24
3.2%	65000	649.9999999995539	459.1290679668775	1857.8965290430785	2317.025597009956	532.0323594612322	1.97e+04	1:24
3.3%	66000	659.9999999995448	484.5392947182336	1805.6346613809346	2290.173956099168	517.0665073120481	1.98e+04	1:24
3.4%	67000	669.9999999995357	459.708118750164	1856.2505952020883	2315.9587139522523	531.5610253200408	1.98e+04	1:24
3.4%	68000	679.9999999995266	465.5741366962211	1833.9587194996634	2299.5328561958845	525.1774624889684	1.98e+04	1:24
3.5%	69000	689.9999999995175	446.61650202180317	1756.5694842331773	2203.1859862549804	503.01606824978785	1.98e+04	1:24
3.5%	70000	699.9999999995084	529.767936431248	1656.3664877721615	2186.1344242034093	474.32166261477755	1.98e+04	1:24
3.5%	71000	709.9999999994993	460.07311879943063	1679.4972709294489	2139.5703897288795	480.94545729170505	1.98e+04	1:24
3.6%	72000	719.9999999994902	439.83005271291313	1684.39623959545	2124.226292308363	482.3483394315634	1.98e+04	1:24
3.6%	73000	729.9999999994811	472.8764155632239	1633.8754792339244	2106.7518947971485	467.8810755572065	1.98e+04	1:24
3.7%	74000	739.999999999472	514.1746150295367	1577.4220268295783	2091.596641859115	451.7149096739609	1.98e+04	1:23
3.8%	75000	749.999999999463	436.3195390071287	1717.5487183109938	2153.8682573181222	491.8419744092355	1.98e+04	1:23
3.8%	76000	759.9999999994538	492.00482321975505	1654.3197309067968	2146.324554126552	473.73554769002214	1.98e+04	1:23
3.9%	77000	769.9999999994448	445.02300520860626	1727.2593425313116	2172.282347739918	494.6227354661702	1.98e+04	1:23
3.9%	78000	779.9999999994357	507.13057758776233	1640.6201631116455	2147.7507406994077	469.8125017809975	1.98e+04	1:23
4.0%	79000	789.9999999994266	418.9094297490665	1652.07934582245	2070.9887755715163	473.09398485598166	1.98e+04	1:23
4.0%	80000	799.9999999994175	458.47076183513127	1606.8922651816588	2065.36302701679	460.1540881746161	1.98e+04	1:23
4.0%	81000	809.9999999994084	342.3519262845857	1742.124998839329	2084.476925123915	498.8797056886012	1.99e+04	1:23
4.1%	82000	819.9999999993993	355.81608491629595	1712.5488833054983	2068.3649682217942	490.41020790700696	1.99e+04	1:23
4.2%	83000	829.9999999993902	407.39383826155915	1723.0678987308754	2130.4617369924345	493.4224620925805	1.99e+04	1:23
4.2%	84000	839.9999999993811	394.1392684446855	1768.6672458235814	2162.806514268267	506.480416528891	1.99e+04	1:23
4.2%	85000	849.999999999372	523.5589496091416	1683.219590316837	2206.7785399259783	482.01139090823455	1.99e+04	1:23
4.3%	86000	859.9999999993629	391.7663216621513	1790.9977723006916	2182.7640939628427	512.8750475020958	1.99e+04	1:23
4.3%	87000	869.9999999993538	369.7353994436771	1909.0581435499819	2278.793542993659	546.6831400910736	1.99e+04	1:23
4.4%	88000	879.9999999993447	467.11390721072894	1712.9912467683978	2180.105153979127	490.53688432478737	1.99e+04	1:23
4.5%	89000	889.9999999993356	438.52684260293245	1724.0007240150815	2162.527566618014	493.6895885063301	1.99e+04	1:22
4.5%	90000	899.9999999993265	440.3848042313766	1760.6111084747492	2200.9959127061256	504.1734388824821	1.99e+04	1:22
4.5%	91000	909.9999999993174	454.6861515869108	1818.1872163194562	2272.873367906367	520.6610914650462	1.99e+04	1:22
4.6%	92000	919.9999999993083	444.7951165324339	1837.5618662143145	2282.356982746748	526.209269491196	1.99e+04	1:22
4.7%	93000	929.9999999992992	464.99476079069063	1860.7686792610068	2325.763440051697	532.8548362963435	1.99e+04	1:22
4.7%	94000	939.9999999992901	527.8214617082267	1803.8610110391382	2331.682472747365	516.5585999224525	1.99e+04	1:22
4.8%	95000	949.999999999281	462.8151586234653	1845.0264209869601	2307.8415796104255	528.3468399241757	1.99e+04	1:22
4.8%	96000	959.999999999272	500.0224395952864	1821.0052852199974	2321.027724815284	521.4680814253812	1.99e+04	1:22
4.8%	97000	969.9999999992629	518.0943557126157	1804.194438182559	2322.2887938951744	516.6540810362009	1.99e+04	1:22
4.9%	98000	979.9999999992538	469.4504565307434	1854.7043679417998	2324.154824472543	531.1182434295023	1.99e+04	1:22
5.0%	99000	989.9999999992447	473.1396969285197	1828.0842122667698	2301.2239091952897	523.4952224422645	2e+04	1:22
5.0%	100000	999.9999999992356	472.87388248206116	1816.7113723601826	2289.5852548422436	520.2384647301476	2e+04	1:22
5.0%	101000	1009.9999999992265	464.0129714044284	1781.8855680255467	2245.8985394299752	510.2656516263765	2e+04	1:22
5.1%	102000	1019.9999999992174	438.6653427103083	1832.497704300371	2271.1630470106793	524.7590821585586	2e+04	1:22
5.2%	103000	1029.9999999992083	411.822926855536	1822.7610959088593	2234.5840227643953	521.9708802029019	2e+04	1:22
5.2%	104000	1039.9999999991992	411.69177371992555	1777.314379904664	2189.0061536245894	508.9566336248482	2e+04	1:22
5.2%	105000	1049.99999999919	414.18363996267726	1750.5369161835633	2164.7205561462406	501.2885654729246	2e+04	1:22
5.3%	106000	1059.999999999181	492.30922359505644	1686.1389026035683	2178.448126198625	482.8473732030687	2e+04	1:22
5.3%	107000	1069.999999999172	457.5781181022321	1690.8685104055496	2148.4466285077815	484.20175670014663	2e+04	1:21
5.4%	108000	1079.9999999991628	505.55863190166565	1674.8329015841546	2180.39153348582	479.6097556584964	2e+04	1:21
5.5%	109000	1089.9999999991537	446.85902858232294	1773.711283633716	2220.570312216039	507.9248410678182	2e+04	1:21
5.5%	110000	1099.9999999991446	431.53623667727516	1759.0859085532943	2190.6221452305695	503.73667843851945	2e+04	1:21
5.5%	111000	1109.9999999991355	434.685739052773	1717.845585735285	2152.531324788058	491.92698618127116	2e+04	1:21
5.6%	112000	1119.9999999991264	466.4800777045979	1701.7495030658108	2168.2295807704086	487.3176676821758	1.99e+04	1:21
5.7%	113000	1129.9999999991173	429.4822350774557	1721.6211143408527	2151.1033494183084	493.0081569358493	1.99e+04	1:21
5.7%	114000	1139.9999999991082	414.8305461750824	1664.861551268391	2079.6920974434734	476.7543323598466	1.99e+04	1:21
5.8%	115000	1149.9999999990991	459.5770542464088	1676.407662965545	2135.9847172119535	480.0607086584253	1.99e+04	1:21
5.8%	116000	1159.99999999909	437.59693952220186	1701.9474239865324	2139.544363508734	487.3743448613362	1.99e+04	1:21
5.8%	117000	1169.999999999081	410.8672813765479	1715.1786742202141	2126.045955596762	491.1632820655375	1.99e+04	1:21
5.9%	118000	1179.9999999990719	460.63199120705394	1623.8715954891147	2084.503586696169	465.01633589634486	1.99e+04	1:21
6.0%	119000	1189.9999999990628	452.8158492087423	1721.1896837459788	2174.0055329547213	492.8846112842232	1.99e+04	1:21
6.0%	120000	1199.9999999990537	417.51991811566404	1685.0234905957009	2102.543408711365	482.52796075299926	1.99e+04	1:21
6.0%	121000	1209.9999999990446	446.15200361001826	1642.896904434147	2089.0489080441653	470.46447568737926	1.99e+04	1:21
6.1%	122000	1219.9999999990355	411.22418218065593	1698.1651874561103	2109.3893696367663	486.29125320694936	1.99e+04	1:21
6.2%	123000	1229.9999999990264	536.9942403281075	1595.2764746642638	2132.2707149923713	456.82775845744925	2e+04	1:21
6.2%	124000	1239.9999999990173	410.12974119628734	1638.5717637759028	2048.7015049721904	469.22591651390763	2e+04	1:21
6.2%	125000	1249.9999999990082	428.2428551575548	1666.0278586443687	2094.2707138019236	477.08831934749554	2e+04	1:21
6.3%	126000	1259.999999998999	490.71530428053757	1671.602982087698	2162.3182863682355	478.6848270288839	2e+04	1:21
6.3%	127000	1269.99999999899	484.1699461925332	1755.003475814742	2239.173422007275	502.5676217724022	2e+04	1:21
6.4%	128000	1279.999999998981	378.02866303487644	1824.727521279179	2202.7561843140556	522.5339911798163	2e+04	1:21
6.5%	129000	1289.9999999989718	515.2867206321416	1626.1351618256297	2141.421882457771	465.66453697750694	2e+04	1:20
6.5%	130000	1299.9999999989627	333.45329268468777	1686.4746783702908	2019.9279710549786	482.9435268750448	2e+04	1:20
6.5%	131000	1309.9999999989536	437.0417100490522	1612.0349978157979	2049.07670786485	461.62677523476606	2e+04	1:20
6.6%	132000	1319.9999999989445	465.8767170306528	1472.0593395706335	1937.9360566012863	421.54296079238105	2e+04	1:20
6.7%	133000	1329.9999999989354	424.550072475255	1523.9862615677396	1948.5363340429944	436.41289697979033	2e+04	1:20
6.7%	134000	1339.9999999989263	366.2614408800673	1652.8238303106202	2019.0852711906875	473.3071774814222	2e+04	1:20
6.8%	135000	1349.9999999989172	508.13033031317843	1623.4345016550376	2131.564831968216	464.891168503966	2e+04	1:20
6.8%	136000	1359.9999999989082	376.1256809112788	1679.4461311586338	2055.5718120699125	480.9308127662949	2e+04	1:20
6.8%	137000	1369.999999998899	504.2605737582562	1544.4005994983243	2048.6611732565807	442.2588029310986	2e+04	1:20
6.9%	138000	1379.99999999889	484.9103233069327	1586.0388032454562	2070.949126552389	454.1824334654234	2e+04	1:20
7.0%	139000	1389.9999999988809	456.57666000298923	1581.5910122726384	2038.1676722756276	452.90875181056964	2e+04	1:20
7.0%	140000	1399.9999999988718	409.02873375574563	1618.9396897892784	2027.968423545024	463.60402181689733	2e+04	1:20
7.0%	141000	1409.9999999988627	454.58329407544807	1600.886764357418	2055.470058432866	458.4343364428483	2e+04	1:20
7.1%	142000	1419.9999999988536	464.13661317056506	1622.3665171574012	2086.503130327966	464.5853375261568	2e+04	1:20
7.2%	143000	1429.9999999988445	379.96723104060993	1744.6808083692092	2124.648039409819	499.61159433431385	2e+04	1:20
7.2%	144000	1439.9999999988354	471.08548660902125	1627.970093291139	2099.0555799001604	466.1899929982183	2e+04	1:20
7.2%	145000	1449.9999999988263	417.82185271417984	1691.0855957740969	2108.9074484882767	484.2639218632907	2e+04	1:20
7.3%	146000	1459.9999999988172	542.5422810074551	1578.9734231720465	2121.515704179502	452.1591717970879	2e+04	1:20
7.3%	147000	1469.999999998808	480.9645707319869	1781.5146540971978	2262.4792248291847	510.1594356938035	2e+04	1:20
7.4%	148000	1479.999999998799	496.6041774945552	1735.132270199943	2231.736447694498	496.87724868471145	2e+04	1:20
7.5%	149000	1489.99999999879	420.4013080148392	1803.4810175979646	2223.882325612804	516.4497839556174	2e+04	1:19
7.5%	150000	1499.9999999987808	476.4018273457924	1803.2820299234563	2279.6838572692486	516.3928012979088	2e+04	1:19
7.5%	151000	1509.9999999987717	483.6707438889571	1834.9995827067598	2318.6703265957167	525.4755269394324	2e+04	1:19
7.6%	152000	1519.9999999987626	509.05821915018896	1822.8968342318383	2331.9550533820275	522.0097506023642	2e+04	1:19
7.7%	153000	1529.9999999987535	364.52025205034954	1885.8581239125413	2250.378375962891	540.039518665282	2e+04	1:19
7.7%	154000	1539.9999999987444	365.05395068869984	1881.9408428731674	2246.9947935618675	538.9177552939254	2e+04	1:19
7.8%	155000	1549.9999999987353	466.09267088236265	1760.6388588828727	2226.7315297652353	504.18138556566885	2e+04	1:19
7.8%	156000	1559.9999999987263	463.07192745916836	1777.2453270044384	2240.317254463607	508.9368594464371	2e+04	1:19
7.8%	157000	1569.9999999987172	539.4840054367978	1739.6618916869845	2279.1458971237826	498.17436355066053	2e+04	1:19
7.9%	158000	1579.999999998708	500.16178583475994	1710.2185572931937	2210.380343127954	489.7428893414898	2e+04	1:19
8.0%	159000	1589.999999998699	562.808568881148	1671.5897092974144	2234.3982781785626	478.6810261961568	2e+04	1:19
8.0%	160000	1599.9999999986899	421.70094357266237	1771.5085648350641	2193.2095084077264	507.29406445493555	2e+04	1:19
8.1%	161000	1609.9999999986808	420.7211551542483	1892.127760900508	2312.8489160547565	541.8349091552957	2e+04	1:19
8.1%	162000	1619.9999999986717	487.72559622343397	1747.5990728710797	2235.3246690945134	500.4472765825937	2e+04	1:19
8.2%	163000	1629.9999999986626	504.84570499318033	1725.6597153108528	2230.505420304033	494.164661816182	2e+04	1:19
8.2%	164000	1639.9999999986535	406.52038059912593	1857.5312666665611	2264.0516472656873	531.927761922584	2e+04	1:19
8.2%	165000	1649.9999999986444	457.0962279674068	1809.8187080412445	2266.9149360086512	518.2646624202483	2e+04	1:19
8.3%	166000	1659.9999999986353	533.0923866899975	1766.1306315859447	2299.223018275942	505.7540246998541	2e+04	1:19
8.3%	167000	1669.9999999986262	523.659523190379	1782.6571781105406	2306.3167013009197	510.4866120123216	2e+04	1:19
8.4%	168000	1679.999999998617	487.93704146669097	1731.7815551178342	2219.718596584525	495.9177286989914	2e+04	1:19
8.4%	169000	1689.999999998608	488.1020174037234	1716.0188465268943	2204.120863930618	491.40387611783774	2e+04	1:19
8.5%	170000	1699.999999998599	396.1047149745027	1852.106635512924	2248.211350487427	530.3743496271409	2e+04	1:19
8.6%	171000	1709.9999999985898	396.7309516605719	1785.6661558186208	2182.3971074791925	511.3482711438022	2e+04	1:19
8.6%	172000	1719.9999999985807	435.26636806766874	1738.4204429102706	2173.6868109779393	497.8188588648503	2e+04	1:19
8.7%	173000	1729.9999999985716	437.3261655588934	1680.2826642816067	2117.6088298405	481.1703646919406	2e+04	1:19
8.7%	174000	1739.9999999985625	427.43899451202014	1750.1357466062511	2177.574741118271	501.17368544950824	2e+04	1:18
8.8%	175000	1749.9999999985534	421.1983106382104	1798.5254083671111	2219.7237190053215	515.0306820678406	2e+04	1:18
8.8%	176000	1759.9999999985444	433.39140777756984	1864.2507401655362	2297.642147943106	533.8519688329861	2e+04	1:18
8.8%	177000	1769.9999999985353	391.76389043114614	1873.3965777629094	2265.1604681940553	536.4709960393537	2e+04	1:18
8.9%	178000	1779.9999999985262	424.81774756651646	1866.1845448154295	2291.002292381946	534.4057384506892	2e+04	1:18
8.9%	179000	1789.999999998517	470.30646643720684	1867.7345022399613	2338.040968677168	534.8495885213187	2e+04	1:18
9.0%	180000	1799.999999998508	532.5353144259461	1851.5566809864388	2384.0919954123847	530.2168631365057	2e+04	1:18
9.1%	181000	1809.9999999984989	528.6315581387007	1881.9940039221872	2410.625562060888	538.9329786381211	2e+04	1:18
9.1%	182000	1819.9999999984898	629.3895205393155	1729.4463730279906	2358.835893567306	495.24901953375553	2e+04	1:18
9.2%	183000	1829.9999999984807	524.821458938095	1812.717394162538	2337.538853100633	519.0947381496237	2e+04	1:18
9.2%	184000	1839.9999999984716	574.2761648519227	1789.3169898551566	2363.5931547070795	512.3937340186696	2e+04	1:18
9.2%	185000	1849.9999999984625	539.0388894311291	1811.7586861578654	2350.7975755889947	518.8201998888611	2e+04	1:18
9.3%	186000	1859.9999999984534	468.4122245422841	1872.3406724369395	2340.752896979224	536.1686240863619	2e+04	1:18
9.3%	187000	1869.9999999984443	584.5365431448608	1741.5549686177342	2326.091511762595	498.71647026670416	2e+04	1:18
9.4%	188000	1879.9999999984352	562.4617368241888	1744.133768740844	2306.595505565033	499.4549425619206	2e+04	1:18
9.4%	189000	1889.9999999984261	469.85224521859163	1833.4150724113745	2303.267317629966	525.0217822136813	2e+04	1:18
9.5%	190000	1899.999999998417	518.8944202251769	1701.0482568239054	2219.9426770490822	487.1168568798452	2e+04	1:18
9.6%	191000	1909.999999998408	480.4380620435986	1761.9661219033899	2242.4041839469883	504.56146425433246	2e+04	1:18
9.6%	192000	1919.9999999983988	525.5152651641984	1666.0399744238666	2191.555239588065	477.0917888554322	2e+04	1:18
9.7%	193000	1929.9999999983897	478.3897040879988	1688.219096398698	2166.608800486697	483.44306321898654	2e+04	1:18
9.7%	194000	1939.9999999983806	461.8290750386277	1655.6343388059404	2117.463413844568	474.1120024233263	2e+04	1:18
9.8%	195000	1949.9999999983715	459.6146557651715	1707.1301954470268	2166.7448512121982	488.85849754991216	2e+04	1:17
9.8%	196000	1959.9999999983625	374.384767228692	1774.5938565962585	2148.978623824951	508.1775770885374	2e+04	1:17
9.8%	197000	1969.9999999983534	450.8949115714786	1737.6307326522058	2188.525644223684	497.59271526356736	2e+04	1:17
9.9%	198000	1979.9999999983443	406.9973833279655	1788.836461243314	2195.8338445712798	512.2561285238799	2e+04	1:17
9.9%	199000	1989.9999999983352	408.1698054937988	1841.450045628257	2249.6198511220555	527.3226992410614	2e+04	1:17
10.0%	200000	1999.999999998326	392.4206682489239	1801.4368887751418	2193.8575570240655	515.8644216043515	2e+04	1:17
10.1%	201000	2009.999999998317	445.1136058541306	1741.2274191387066	2186.3410249928374	498.62267229709545	2e+04	1:17
10.1%	202000	2019.9999999983079	378.1613578223514	1816.1392024897614	2194.300560312113	520.0746165925284	2e+04	1:17
10.2%	203000	2029.9999999982988	433.4401247099289	1712.7783920390627	2146.2185167489915	490.4759306591228	2e+04	1:17
10.2%	204000	2039.9999999982897	375.9658939102519	1707.2300805382315	2083.1959744484834	488.88710091932376	2e+04	1:17
10.2%	205000	2049.999999998326	379.0255298094562	1714.1114808322022	2093.1370106416584	490.85767763205604	2e+04	1:17
10.3%	206000	2059.9999999985444	405.715794064874	1724.4988378537341	2130.214631918608	493.83222975503037	2e+04	1:17
10.3%	207000	2069.9999999987626	411.93920061199424	1748.4963385246629	2160.435539136657	500.70422004272564	2e+04	1:17
10.4%	208000	2079.999999998981	469.166594902581	1688.5014465610134	2157.6680414635944	483.5239177879589	2e+04	1:17
10.4%	209000	2089.999999999199	455.50597314538027	1715.856671751454	2171.3626448968344	491.35743530314556	2e+04	1:17
10.5%	210000	2099.9999999994175	516.9692326534023	1706.7032121281134	2223.672444781516	488.73622543246057	2e+04	1:17
10.6%	211000	2109.9999999996357	397.0053913477544	1752.4603686353894	2149.465759983144	501.83937060671934	2e+04	1:17
10.6%	212000	2119.999999999854	448.77437972409825	1692.0566313948675	2140.8310111189658	484.54199029410125	2e+04	1:17
10.7%	213000	2130.0000000000723	394.0882089441776	1829.9338523756821	2224.02206131986	524.0248904705511	2e+04	1:17
10.7%	214000	2140.0000000002906	549.7118790508734	1693.4624266950193	2243.1743057458925	484.9445577023329	2e+04	1:17
10.8%	215000	2150.000000000509	383.5819449365663	1876.9634529793234	2260.5453979158897	537.4924162355958	2e+04	1:17
10.8%	216000	2160.000000000727	518.5596499613966	1754.5071010423771	2273.066751003774	502.42547852750675	2e+04	1:17
10.8%	217000	2170.0000000009454	471.1425423064411	1728.6718227836507	2199.814365090092	495.0272171956944	2e+04	1:17
10.9%	218000	2180.0000000011637	527.4699028130563	1720.04762772152	2247.5175305345765	492.5575689802889	2e+04	1:17
10.9%	219000	2190.000000001382	501.8487303992297	1662.6737567982045	2164.522487197434	476.1278295187067	2e+04	1:17
11.0%	220000	2200.0000000016003	458.22789202701824	1775.0889625707432	2233.3168545977614	508.3193569969826	2e+04	1:16
11.1%	221000	2210.0000000018185	397.99251578993085	1821.2026562036556	2219.1951719935864	521.5246011230519	2e+04	1:16
11.1%	222000	2220.000000002037	480.30997284660225	1731.4399831152305	2211.7499559618327	495.81991520096807	2e+04	1:16
11.2%	223000	2230.000000002255	430.72558857215336	1677.2640208464243	2107.989609418578	480.30593765626526	2e+04	1:16
11.2%	224000	2240.0000000024734	502.54225198547283	1695.2612179652704	2197.8034699507434	485.4596645173409	2e+04	1:16
11.2%	225000	2250.0000000026916	494.1777872313396	1683.4242572954056	2177.602044526745	482.06999990707243	2e+04	1:16
11.3%	226000	2260.00000000291	535.2540168959094	1694.0805557034785	2229.3345725993877	485.1215668251129	2e+04	1:16
11.3%	227000	2270.000000003128	466.6789136155676	1766.082136634625	2232.7610502501925	505.74013755222813	2e+04	1:16
11.4%	228000	2280.0000000033465	486.49722475012095	1681.2362279301271	2167.733452680248	481.443429800728	2e+04	1:16
11.4%	229000	2290.0000000035648	477.9037910935285	1691.524707527944	2169.4284986214725	484.38966711272434	2e+04	1:16
11.5%	230000	2300.000000003783	430.57866753224516	1829.459970764983	2260.0386382972283	523.8891884292887	2e+04	1:16
11.6%	231000	2310.0000000040013	543.6134635819005	1754.7140263822937	2298.3274899641942	502.484734236911	2e+04	1:16
11.6%	232000	2320.0000000042196	454.6784301015796	1798.6002194336104	2253.27864953519	515.0521051705813	2e+04	1:16
11.7%	233000	2330.000000004438	440.7548377155399	1792.8683786146598	2233.6232163301997	513.4107194705213	2e+04	1:16
11.7%	234000	2340.000000004656	432.179076503704	1745.9081882764194	2178.0872647801234	499.96307021996216	2e+04	1:16
11.8%	235000	2350.0000000048744	395.6270119672091	1790.7165051583343	2186.3435171255433	512.7945030696969	2e+04	1:16
11.8%	236000	2360.0000000050927	492.1937344691469	1680.5258663903464	2172.7196008594933	481.24000871662986	2e+04	1:16
11.8%	237000	2370.000000005311	470.5660794488358	1760.4505984638965	2231.016677912732	504.12747479435546	2e+04	1:16
11.9%	238000	2380.0000000055293	484.27852818442625	1748.2009098307703	2232.4794380151966	500.61962026948356	2e+04	1:16
11.9%	239000	2390.0000000057476	497.6145377577559	1764.9444546693069	2262.5589924270625	505.41434781589857	2e+04	1:16
12.0%	240000	2400.000000005966	506.8066340955411	1825.750890757875	2332.557524853416	522.8270460781059	2e+04	1:15
12.1%	241000	2410.000000006184	496.61721089690036	1700.0541468442318	2196.671357741132	486.83218081216233	2e+04	1:15
12.1%	242000	2420.0000000064024	432.24983347542866	1815.9965465905957	2248.2463800660244	520.033765256925	2e+04	1:15
12.2%	243000	2430.0000000066207	480.15935312791225	1802.7745016426454	2282.9338547705574	516.2474641036614	2e+04	1:15
12.2%	244000	2440.000000006839	455.82023617082086	1826.7503938453137	2282.5706300161346	523.11326653096	2e+04	1:15
12.2%	245000	2450.000000007057	479.3178125906725	1729.1790430806366	2208.4968556713093	495.17246619484666	2e+04	1:15
12.3%	246000	2460.0000000072755	495.7271307837076	1713.3316992167581	2209.0588300004656	490.6343772241787	2e+04	1:15
12.3%	247000	2470.000000007494	524.1508358098799	1716.9900192439864	2241.1408550538663	491.68198380792796	2e+04	1:15
12.4%	248000	2480.000000007712	472.8712293976017	1767.9124346369301	2240.7836640345317	506.264266721674	2e+04	1:15
12.4%	249000	2490.0000000079303	456.21382232999713	1799.8341714700555	2256.0479938000526	515.4054630692314	2e+04	1:15
12.5%	250000	2500.0000000081486	407.89917837168105	1817.1324438266822	2225.031622198363	520.3590439132837	2e+04	1:15
12.6%	251000	2510.000000008367	502.8929991695368	1741.5005961716622	2244.393595341199	498.70090002351725	2e+04	1:15
12.6%	252000	2520.000000008585	468.1530921433259	1746.3640392041266	2214.5171313474525	500.0936089452568	2e+04	1:15
12.7%	253000	2530.0000000088035	482.2669396962573	1713.7247423593078	2195.991682055565	490.74693013938787	2e+04	1:15
12.7%	254000	2540.0000000090217	532.8830836035304	1686.8712253062754	2219.754308909806	483.0570831461778	2e+04	1:15
12.8%	255000	2550.00000000924	482.14245938311797	1732.7745835777757	2214.917042960894	496.20209505970956	2e+04	1:15
12.8%	256000	2560.0000000094583	438.07754484077213	1760.940324966445	2199.017869807217	504.267714222423	2e+04	1:15
12.8%	257000	2570.0000000096766	474.61908240352477	1730.965454518608	2205.584536922133	495.6840278870374	2e+04	1:15
12.9%	258000	2580.000000009895	449.0563405339926	1763.1867815191404	2212.243122053133	504.9110156988369	2e+04	1:15
12.9%	259000	2590.000000010113	484.8448131529294	1757.276604205965	2242.121417358894	503.21856106984717	2e+04	1:15
13.0%	260000	2600.0000000103314	496.4634480643075	1715.0373115339357	2211.5007595982433	491.12280105793303	2e+04	1:15
13.1%	261000	2610.0000000105497	468.658733650198	1757.253992218711	2225.9127258689086	503.2120858389918	2e+04	1:15
13.1%	262000	2620.000000010768	502.93984205086963	1718.4008773935318	2221.3407194444017	492.0860010276353	2e+04	1:15
13.2%	263000	2630.0000000109862	497.82285635981225	1750.555082499049	2248.377938858861	501.29376762898613	2e+04	1:15
13.2%	264000	2640.0000000112045	485.24510372949896	1735.5812917041383	2220.826395433637	497.0058317175076	2e+04	1:15
13.2%	265000	2650.000000011423	451.63486628984174	1735.8372753726887	2187.4721416625307	497.0791359048149	2e+04	1:14
13.3%	266000	2660.000000011641	410.41046050951627	1667.0200425110243	2077.4305030205405	477.37244384815756	2e+04	1:14
13.3%	267000	2670.0000000118594	425.7174602781472	1663.631722208781	2089.349182486928	476.4021551281817	2e+04	1:14
13.4%	268000	2680.0000000120776	530.0975230658878	1624.2607513391913	2154.358274405079	465.12777563579095	2e+04	1:14
13.4%	269000	2690.000000012296	419.0650836641071	1673.9444616681342	2093.009545332241	479.3553395608447	2e+04	1:14
13.5%	270000	2700.000000012514	425.1442114321535	1671.9189164804702	2097.0631279126237	478.7752988704499	2e+04	1:14
13.6%	271000	2710.0000000127325	396.19555194014674	1693.5880965239921	2089.783648464139	484.98054486016235	2e+04	1:14
13.6%	272000	2720.0000000129507	419.0617626547155	1744.5414766590766	2163.603239313792	499.57169492262386	2e+04	1:14
13.7%	273000	2730.000000013169	534.5615636580915	1659.6798740767597	2194.2414377348514	475.27049302911166	2e+04	1:14
13.7%	274000	2740.0000000133873	550.5931658494228	1641.5663826044638	2192.1595484538866	470.0834637971608	2e+04	1:14
13.8%	275000	2750.0000000136056	399.3669115983024	1766.1942113257703	2165.5611229240726	505.7722315690013	2e+04	1:14
13.8%	276000	2760.000000013824	453.3864599126673	1725.8421513832468	2179.228611295914	494.21690471159053	2e+04	1:14
13.8%	277000	2770.000000014042	421.0498720537871	1769.9322017121874	2190.9820737659747	506.8426527759096	2e+04	1:14
13.9%	278000	2780.0000000142604	487.2844185131926	1693.001994427738	2180.286412940931	484.8127070520386	2e+04	1:14
13.9%	279000	2790.0000000144787	448.3526760309794	1748.637769167116	2196.9904451980956	500.74472051044717	2e+04	1:14
14.0%	280000	2800.000000014697	447.89984428551975	1692.707651829913	2140.6074961154327	484.7284182962533	2e+04	1:14
14.1%	281000	2810.0000000149153	413.4683550444679	1747.9109986704766	2161.3793537149445	500.53660051233675	2e+04	1:14
14.1%	282000	2820.0000000151335	571.3734498224221	1678.2260835922018	2249.5995334146237	480.5814365899165	2e+04	1:14
14.2%	283000	2830.000000015352	451.2117621350699	1730.4959331911466	2181.7076953262167	495.5495744684741	2e+04	1:14
14.2%	284000	2840.00000001557	485.29844163771486	1684.3724029517584	2169.6708445894733	482.3415135047226	2e+04	1:14
14.2%	285000	2850.0000000157884	515.1607754889264	1712.9904379329912	2228.1512134219174	490.53665270445595	2e+04	1:14
14.3%	286000	2860.0000000160067	424.4824349980287	1833.2441916280277	2257.7266266260563	524.9728483226224	2e+04	1:14
14.3%	287000	2870.000000016225	429.8163391467848	1786.0798390943485	2215.8961782411334	511.4667346243107	2e+04	1:14
14.4%	288000	2880.000000016443	420.3785661721362	1775.6452915801308	2196.023857752267	508.4786689020722	2e+04	1:13
14.4%	289000	2890.0000000166615	392.6749960825159	1816.4310675911497	2209.1060636736656	520.1581958856207	2e+04	1:13
14.5%	290000	2900.0000000168798	391.1211026163189	1819.9333719753363	2211.054474591655	521.1611254007696	2e+04	1:13
14.6%	291000	2910.000000017098	443.82669142867235	1798.804519836646	2242.6312112653186	515.1106091958416	2e+04	1:13
14.6%	292000	2920.0000000173163	564.2062381407336	1697.3119690782169	2261.5182072189505	486.04692324581845	2e+04	1:13
14.7%	293000	2930.0000000175346	467.7401356138653	1721.118680082281	2188.858815696146	492.86427847981935	2e+04	1:13
14.7%	294000	2940.000000017753	446.5458467665253	1785.3751350378457	2231.920981804371	511.26493363268264	2e+04	1:13
14.8%	295000	2950.000000017971	397.5957065917064	1881.310710378075	2278.9064169697813	538.7373088197024	2e+04	1:13
14.8%	296000	2960.0000000181894	546.3317513655447	1639.4367489459723	2185.768500311517	469.473616046006	2e+04	1:13
14.8%	297000	2970.0000000184077	587.16058759718	1654.4297105715104	2241.5902981686904	473.7670417692648	2e+04	1:13
14.9%	298000	2980.000000018626	452.4131940102684	1770.7825808197235	2223.195774829992	507.0861696757727	2e+04	1:13
14.9%	299000	2990.0000000188443	527.0757136495376	1673.5903582774015	2200.6660719269394	479.25393754005415	2e+04	1:13
15.0%	300000	3000.0000000190626	519.9785363926349	1752.1072934003134	2272.085829792948	501.7382630114102	2e+04	1:13
15.1%	301000	3010.000000019281	414.5687946018297	1830.068994534423	2244.6377891362526	524.0635901507828	2e+04	1:13
15.1%	302000	3020.000000019499	442.1019769390057	1872.6213844329186	2314.7233613719245	536.2490095455171	2e+04	1:13
15.2%	303000	3030.0000000197174	513.4171969393046	1806.8243907121152	2320.2415876514196	517.4072014752016	2e+04	1:13
15.2%	304000	3040.0000000199357	433.14133232106724	1787.4203873623271	2220.5617196833946	511.85061771297313	2e+04	1:13
15.2%	305000	3050.000000020154	511.2488727738455	1738.3118168063904	2249.5606895802357	497.7877523950104	2e+04	1:13
15.3%	306000	3060.000000020372	469.22738231586845	1865.505028850781	2334.7324111666494	534.2111503903143	2e+04	1:13
15.3%	307000	3070.0000000205905	494.11540409536974	1788.2576075570182	2282.373011652388	512.0903663903656	2e+04	1:13
15.4%	308000	3080.000000020809	431.60651197694096	1778.4630851717798	2210.0695971487207	509.2855800241958	2e+04	1:13
15.4%	309000	3090.000000021027	408.25936918322395	1831.3571360861404	2239.616505269364	524.4324659080529	2e+04	1:13
15.5%	310000	3100.0000000212453	493.38220613851536	1724.0330651568602	2217.4152712953755	493.6988498046313	2e+04	1:12
15.6%	311000	3110.0000000214636	435.24121560985805	1730.4173694851804	2165.6585850950387	495.52707674957543	2e+04	1:12
15.6%	312000	3120.000000021682	441.6395273569715	1752.197132888088	2193.8366602450596	501.763989694197	2e+04	1:12
15.7%	313000	3130.0000000219	470.6627621864245	1741.5304446138489	2212.1932068002734	498.709447505508	2e+04	1:12
15.7%	314000	3140.0000000221185	509.74059390583716	1748.69700888615	2258.437602791987	500.7616845593049	2e+04	1:12
15.8%	315000	3150.0000000223367	448.52688966778715	1800.705937611332	2249.232827279119	515.655104418893	2e+04	1:12
15.8%	316000	3160.000000022555	544.8977297597303	1718.9226845249123	2263.8204142846425	492.23542715280007	2e+04	1:12
15.8%	317000	3170.0000000227733	529.0205417572688	1737.5030571011696	2266.523598858438	497.5561537416518	2e+04	1:12
15.9%	318000	3180.0000000229916	531.689474764994	1685.6130583019694	2217.3025330669634	482.69679098273747	2e+04	1:12
