#"Progress (%)"	"Step"	"Time (ps)"	"Potential Energy (kJ/mole)"	"Kinetic Energy (kJ/mole)"	"Total Energy (kJ/mole)"	"Temperature (K)"	"Speed (ns/day)"	"Time Remaining"
1.0%	1	0.01	-45.92646343742321	56.982291136682	11.055827699258792	32.63521119399524	0	--
2.0%	2	0.02	-44.67461244199791	96.51762614881589	51.843013706817985	55.278105714530895	757	0:00
3.0%	3	0.03	-42.024270369259725	127.27133966519888	85.24706929593916	72.89154167131518	738	0:00
4.0%	4	0.04	-38.13155881249369	172.941611714448	134.8100529019543	99.04807107514935	750	0:00
5.0%	5	0.05	-31.570946892395717	179.2536264031389	147.68267951074318	102.66312284502142	763	0:00
6.0%	6	0.060000000000000005	-25.21626720989852	205.22819317373563	180.01192596383711	117.53941959127954	768	0:00
7.0%	7	0.07	-17.153394789157232	234.29807705013334	217.1446822609761	134.18848337524582	762	0:00
8.0%	8	0.08	-8.529037734740228	256.99543782500245	248.46640009026223	147.1878406783311	764	0:00
9.0%	9	0.09	0.9507623723226644	285.4033231667017	286.35408553902437	163.45776102037826	767	0:00
10.0%	10	0.09999999999999999	11.115639369875552	303.3365749433265	314.4522143132021	173.72859161442025	747	0:00
11.0%	11	0.10999999999999999	21.35731836301599	306.7999152090084	328.15723357202444	175.7121349004577	746	0:00
12.0%	12	0.11999999999999998	31.354507474898554	330.1335542343738	361.4880617092723	189.07590498282698	743	0:00
13.0%	13	0.12999999999999998	40.64144251056341	345.3309249453535	385.9723674559169	197.7798267250502	740	0:00
14.0%	14	0.13999999999999999	51.307846935323376	356.8879909145849	408.1958378499083	204.39885311316266	739	0:00
15.0%	15	0.15	61.68892907576464	369.71428826647696	431.4032173422416	211.74480067978328	738	0:00
16.0%	16	0.16	72.08420893128475	391.8732013224788	463.95741025376356	224.4357752437469	739	0:00
17.0%	17	0.17	79.11462563037276	414.4412494441968	493.55587507456954	237.3610718928735	740	0:00
18.0%	18	0.18000000000000002	84.94753805254456	435.96160329272874	520.9091413452733	249.68632731532938	739	0:00
19.0%	19	0.19000000000000003	91.37126161409574	437.0008071677637	528.3720687818594	250.28150587447212	738	0:00
20.0%	20	0.20000000000000004	96.00263816601847	431.99119151151604	527.9938296775344	247.41237124192062	737	0:00
21.0%	21	0.21000000000000005	101.24260399353366	467.7237080453752	568.9663120389089	267.8772946473034	714	0:00
22.0%	22	0.22000000000000006	106.13300206325337	443.62216099957584	549.7551630628292	254.07372405982082	718	0:00
23.0%	23	0.23000000000000007	108.50389394587293	445.4633381940358	553.9672321399088	255.12821318948116	723	0:00
24.0%	24	0.24000000000000007	111.06543888123977	437.359650577136	548.4250894583757	250.48702464559963	726	0:00
25.0%	25	0.25000000000000006	113.84864194551824	435.1584283199748	549.007070265493	249.22632852730797	730	0:00
26.0%	26	0.26000000000000006	115.59816196601425	439.0786793318552	554.6768412978695	251.4715562490103	731	0:00
27.0%	27	0.2700000000000001	117.58368069154864	432.0125379404759	549.5962186320246	247.42459688612422	734	0:00
28.0%	28	0.2800000000000001	118.79511550418248	416.907932149743	535.7030476539254	238.77380397925066	736	0:00
29.0%	29	0.2900000000000001	118.79129328348725	410.7373667834212	529.5286600669084	235.2397638432859	738	0:00
30.0%	30	0.3000000000000001	120.08569090394877	414.5365103422407	534.6222012461894	237.41563023835553	739	0:00
31.0%	31	0.3100000000000001	120.71949629961547	415.4325295629961	536.1520258626116	237.92880329475457	741	0:00
32.0%	32	0.3200000000000001	120.68969453695914	423.3911495241577	544.0808440611169	242.48690789294008	743	0:00
33.0%	33	0.3300000000000001	121.38087459552507	442.6784000636193	564.0592746591443	253.5332081057026	730	0:00
34.0%	34	0.34000000000000014	121.4942211019589	473.9890837909074	595.4833048928663	271.46563510512595	713	0:00
35.0%	35	0.35000000000000014	123.75892633414306	502.9503028143076	626.7092291484506	288.05246375680474	691	0:00
36.0%	36	0.36000000000000015	125.81098089601522	503.9242374968333	629.7352183928485	288.6102609850198	681	0:00
37.0%	37	0.37000000000000016	125.97322673124705	467.7837570241258	593.7569837553729	267.9116862286951	672	0:00
38.0%	38	0.38000000000000017	125.90805994702552	483.2744617551601	609.1825217021856	276.78360784428077	672	0:00
39.0%	39	0.3900000000000002	125.31235143721997	505.0755345464792	630.3878859836992	289.269638163661	675	0:00
40.0%	40	0.4000000000000002	126.11714880201139	496.1356446935286	622.25279349554	284.149535275866	677	0:00
41.0%	41	0.4100000000000002	129.19075070960275	469.9653864725501	599.1561371821529	269.1611610458025	680	0:00
42.0%	42	0.4200000000000002	133.42908403305114	447.77227232775203	581.2013563608032	256.4505986461506	683	0:00
43.0%	43	0.4300000000000002	134.68668654024896	427.155330833613	561.842017373862	244.64275051625435	686	0:00
44.0%	44	0.4400000000000002	136.2737750898021	448.18255113985555	584.4563262296576	256.68557578403545	686	0:00
45.0%	45	0.45000000000000023	134.5210738293703	459.74589837957757	594.2669722089479	263.30819961593147	688	0:00
46.0%	46	0.46000000000000024	135.123877854317	447.15806116289457	582.2819390172116	256.098824249527	688	0:00
47.0%	47	0.47000000000000025	134.31306481741217	440.8417369319898	575.1548017494019	252.4813042949349	690	0:00
48.0%	48	0.48000000000000026	133.48872679570115	421.21595463705046	554.7046814327516	241.2411183131816	692	0:00
49.0%	49	0.49000000000000027	131.27988813702083	439.86070755594665	571.1405956929675	251.9194437548263	693	0:00
50.0%	50	0.5000000000000002	130.63428223904592	449.1652164525353	579.7994986915812	257.24837326677255	695	0:00
51.0%	51	0.5100000000000002	130.05438496629338	453.491583684568	583.5459686508614	259.7261941038023	697	0:00
52.0%	52	0.5200000000000002	126.83659597369956	477.8083302920441	604.6449262657436	273.6530149678898	700	0:00
53.0%	53	0.5300000000000002	124.36562667961827	489.31176581647895	613.6773924960972	280.24132583268	701	0:00
54.0%	54	0.5400000000000003	120.75492574337689	483.4016790531686	604.1566047965455	276.85646843491725	703	0:00
55.0%	55	0.5500000000000003	119.26495018684996	478.51508662903854	597.7800368158885	274.0577923445169	705	0:00
56.0%	56	0.5600000000000003	120.68474579027304	484.18480900656897	604.8695547968421	277.30498692920276	707	0:00
57.0%	57	0.5700000000000003	123.5326622394548	482.3534600916686	605.8861223311234	276.25612670586935	709	0:00
58.0%	58	0.5800000000000003	129.2655132050262	492.31837735487744	621.5838905599037	281.96328892992676	711	0:00
59.0%	59	0.5900000000000003	136.22834029974433	491.7622136392198	627.9905539389641	281.64475978768166	712	0:00
60.0%	60	0.6000000000000003	143.6932697363957	475.9780460209409	619.6713157573366	272.6047644932077	713	0:00
61.0%	61	0.6100000000000003	149.69110015096427	466.98222516548265	616.673325316447	267.4526284940247	713	0:00
62.0%	62	0.6200000000000003	154.32040436486525	472.0277905620292	626.3481949268945	270.3423524595711	714	0:00
63.0%	63	0.6300000000000003	160.45399588461362	487.12375960539435	647.577755490008	278.98819888098825	715	0:00
64.0%	64	0.6400000000000003	164.3975017869517	480.4273440604694	644.8248458474211	275.1529909384509	716	0:00
65.0%	65	0.6500000000000004	166.16445924461877	493.7797726173123	659.944231861931	282.8002672625997	717	0:00
66.0%	66	0.6600000000000004	164.61589747464433	472.59024541485604	637.2061428895004	270.66448469649816	718	0:00
67.0%	67	0.6700000000000004	165.06087746096196	480.615642403465	645.676519864427	275.2608342011306	719	0:00
68.0%	68	0.6800000000000004	167.71957327521153	451.96843152321	619.6880047984215	258.8538460203025	719	0:00
69.0%	69	0.6900000000000004	170.7462722572243	458.0764146908257	628.82268694805	262.3520437352096	720	0:00
70.0%	70	0.7000000000000004	171.31527479454707	451.18374806174336	622.4990228562904	258.40443779233277	721	0:00
71.0%	71	0.7100000000000004	175.84007672135738	435.5821983368673	611.4222750582246	249.46903242220395	722	0:00
72.0%	72	0.7200000000000004	180.02852988764116	430.9952831962757	611.0238130839168	246.8419891539178	723	0:00
73.0%	73	0.7300000000000004	179.17710831111347	430.92534493606024	610.1024532471737	246.80193372885256	724	0:00
74.0%	74	0.7400000000000004	178.78724896157792	417.32650041817317	596.1137493797511	239.01352870015666	716	0:00
75.0%	75	0.7500000000000004	173.63087665441347	420.25239858954666	593.8832752439602	240.6892651939009	706	0:00
76.0%	76	0.7600000000000005	171.31273498055248	448.62354833945	619.9362833200025	256.9381461257615	698	0:00
77.0%	77	0.7700000000000005	165.3544144291772	482.0649465625446	647.4193609917218	276.09088765058635	689	0:00
78.0%	78	0.7800000000000005	159.41919723440213	493.4897487000916	652.9089459344937	282.6341631695385	689	0:00
79.0%	79	0.7900000000000005	154.15398599265203	511.00826724341636	665.1622532360684	292.66746546508773	626	0:00
80.0%	80	0.8000000000000005	152.2200047677421	500.5516509722687	652.7716557400108	286.67869468075907	604	0:00
81.0%	81	0.8100000000000005	153.96395756855586	488.8448200641871	642.8087776327429	279.97389409313075	599	0:00
82.0%	82	0.8200000000000005	155.5347477927857	513.7306685562905	669.2654163490763	294.2266541187582	601	0:00
83.0%	83	0.8300000000000005	158.27015944695705	527.2568779050798	685.5270373520368	301.9734591339002	602	0:00
84.0%	84	0.8400000000000005	160.95297117195184	509.7446551635843	670.6976263355361	291.94376260460274	603	0:00
85.0%	85	0.8500000000000005	164.10075798845625	536.3546216002857	700.455379588742	307.1839689424598	603	0:00
86.0%	86	0.8600000000000005	167.9428772028017	545.3723074969308	713.3151846997325	312.34862760829355	586	0:00
87.0%	87	0.8700000000000006	171.6039530107784	533.0594069705554	704.6633599813338	305.29671549536977	577	0:00
88.0%	88	0.8800000000000006	173.8824946256058	523.9093403605386	697.7918349861444	300.0562390192529	579	0:00
89.0%	89	0.8900000000000006	177.15828673117886	507.7905746139136	684.9488613450924	290.82461084435477	580	0:00
90.0%	90	0.9000000000000006	179.10421053061194	492.9844758162003	672.0886863468122	282.34478050437264	581	0:00
91.0%	91	0.9100000000000006	181.98411759572338	489.7052171537723	671.6893347494956	280.466665446637	582	0:00
92.0%	92	0.9200000000000006	182.07941786686305	503.69090341472196	685.770321281585	288.47662460612804	583	0:00
93.0%	93	0.9300000000000006	183.39583809812262	475.95550466261204	659.3513427607347	272.59185448248354	584	0:00
94.0%	94	0.9400000000000006	182.70260611877183	473.2795400095275	655.9821461282993	271.05926128801894	584	0:00
95.0%	95	0.9500000000000006	183.19154690088044	492.7003015922971	675.8918484931776	282.1820266798427	586	0:00
96.0%	96	0.9600000000000006	182.74207692872278	476.3465731090568	659.0886500377796	272.8158293540874	580	0:00
97.0%	97	0.9700000000000006	182.1874060377065	480.9714264750316	663.1588325127381	275.46460081148297	580	0:00
98.0%	98	0.9800000000000006	183.55687185592024	491.10935182638076	674.666223682301	281.2708491793597	581	0:00
99.0%	99	0.9900000000000007	185.4267549211709	479.5948464210834	665.0216013422543	274.67619831151535	582	0:00
100.0%	100	1.0000000000000007	189.03284661841337	461.54829389689496	650.5811405153083	264.3404774901516	584	0:00
